11:09:04.401 [main] INFO  n.f.c.module.FloodlightModuleLoader - Loading modules from file /home/xinjin/xin-flowmaster/ctrl/ctrl2.floodlight
11:09:04.407 [main] DEBUG n.f.c.module.FloodlightModuleLoader - Starting module loader
11:09:04.412 [main] DEBUG n.f.c.module.FloodlightModuleLoader - Found module net.floodlightcontroller.core.FloodlightProvider
11:09:04.418 [main] DEBUG n.f.c.module.FloodlightModuleLoader - Found module net.floodlightcontroller.storage.memory.MemoryStorageSource
11:09:04.422 [main] DEBUG n.f.c.module.FloodlightModuleLoader - Found module net.floodlightcontroller.devicemanager.internal.DeviceManagerImpl
11:09:04.428 [main] DEBUG n.f.c.module.FloodlightModuleLoader - Found module net.floodlightcontroller.linkdiscovery.internal.LinkDiscoveryManager
11:09:04.430 [main] DEBUG n.f.c.module.FloodlightModuleLoader - Found module net.floodlightcontroller.topology.TopologyManager
11:09:04.441 [main] DEBUG n.f.c.module.FloodlightModuleLoader - Found module net.floodlightcontroller.forwarding.Forwarding
11:09:04.442 [main] DEBUG n.f.c.module.FloodlightModuleLoader - Found module net.floodlightcontroller.flowcache.FlowReconcileManager
11:09:04.446 [main] DEBUG n.f.c.module.FloodlightModuleLoader - Found module net.floodlightcontroller.core.OFMessageFilterManager
11:09:04.447 [main] DEBUG n.f.c.module.FloodlightModuleLoader - Found module net.floodlightcontroller.staticflowentry.StaticFlowEntryPusher
11:09:04.448 [main] DEBUG n.f.c.module.FloodlightModuleLoader - Found module net.floodlightcontroller.perfmon.PktInProcessingTime
11:09:04.449 [main] DEBUG n.f.c.module.FloodlightModuleLoader - Found module net.floodlightcontroller.perfmon.NullPktInProcessingTime
11:09:04.449 [main] DEBUG n.f.c.module.FloodlightModuleLoader - Found module net.floodlightcontroller.restserver.RestApiServer
11:09:04.450 [main] DEBUG n.f.c.module.FloodlightModuleLoader - Found module net.floodlightcontroller.learningswitch.LearningSwitch
11:09:04.451 [main] DEBUG n.f.c.module.FloodlightModuleLoader - Found module net.floodlightcontroller.hub.Hub
11:09:04.451 [main] DEBUG n.f.c.module.FloodlightModuleLoader - Found module net.floodlightcontroller.jython.JythonDebugInterface
11:09:04.452 [main] DEBUG n.f.c.module.FloodlightModuleLoader - Found module net.floodlightcontroller.counter.CounterStore
11:09:04.453 [main] DEBUG n.f.c.module.FloodlightModuleLoader - Found module net.floodlightcontroller.counter.NullCounterStore
11:09:04.453 [main] DEBUG n.f.c.module.FloodlightModuleLoader - Found module net.floodlightcontroller.threadpool.ThreadPool
11:09:04.455 [main] DEBUG n.f.c.module.FloodlightModuleLoader - Found module net.floodlightcontroller.ui.web.StaticWebRoutable
11:09:04.457 [main] DEBUG n.f.c.module.FloodlightModuleLoader - Found module net.floodlightcontroller.virtualnetwork.VirtualNetworkFilter
11:09:04.458 [main] DEBUG n.f.c.module.FloodlightModuleLoader - Found module net.floodlightcontroller.devicemanager.internal.DefaultEntityClassifier
11:09:04.459 [main] DEBUG n.f.c.module.FloodlightModuleLoader - Could not find module
11:09:04.459 [main] DEBUG n.f.c.module.FloodlightModuleLoader - Could not find module
11:09:04.459 [main] DEBUG n.f.c.module.FloodlightModuleLoader - Could not find module
11:09:04.463 [main] DEBUG n.f.c.module.FloodlightModuleLoader - Found module net.floodlightcontroller.firewall.Firewall
11:09:04.464 [main] DEBUG n.f.c.module.FloodlightModuleLoader - Setting net.floodlightcontroller.storage.memory.MemoryStorageSource@6beb8639  as provider for net.floodlightcontroller.storage.IStorageSourceService
11:09:04.468 [main] DEBUG n.f.c.module.FloodlightModuleLoader - Setting net.floodlightcontroller.core.internal.Controller@3047411c  as provider for net.floodlightcontroller.core.IFloodlightProviderService
11:09:04.468 [main] DEBUG n.f.c.module.FloodlightModuleLoader - Setting net.floodlightcontroller.threadpool.ThreadPool@368eb8bf  as provider for net.floodlightcontroller.threadpool.IThreadPoolService
11:09:04.468 [main] DEBUG n.f.c.module.FloodlightModuleLoader - Setting net.floodlightcontroller.devicemanager.internal.DeviceManagerImpl@23493578  as provider for net.floodlightcontroller.devicemanager.IDeviceService
11:09:04.468 [main] DEBUG n.f.c.module.FloodlightModuleLoader - Setting net.floodlightcontroller.staticflowentry.StaticFlowEntryPusher@936b688  as provider for net.floodlightcontroller.staticflowentry.IStaticFlowEntryPusherService
11:09:04.468 [main] DEBUG n.f.c.module.FloodlightModuleLoader - Setting net.floodlightcontroller.firewall.Firewall@48c9f38  as provider for net.floodlightcontroller.firewall.IFirewallService
11:09:04.469 [main] DEBUG n.f.c.module.FloodlightModuleLoader - Setting net.floodlightcontroller.counter.CounterStore@5d14798a  as provider for net.floodlightcontroller.counter.ICounterStoreService
11:09:04.469 [main] DEBUG n.f.c.module.FloodlightModuleLoader - Setting net.floodlightcontroller.perfmon.PktInProcessingTime@7662953a  as provider for net.floodlightcontroller.perfmon.IPktInProcessingTimeService
11:09:04.469 [main] DEBUG n.f.c.module.FloodlightModuleLoader - Setting net.floodlightcontroller.restserver.RestApiServer@45fa6bfc  as provider for net.floodlightcontroller.restserver.IRestApiService
11:09:04.469 [main] DEBUG n.f.c.module.FloodlightModuleLoader - Setting net.floodlightcontroller.topology.TopologyManager@2f8891c4  as provider for net.floodlightcontroller.topology.ITopologyService
11:09:04.469 [main] DEBUG n.f.c.module.FloodlightModuleLoader - Setting net.floodlightcontroller.topology.TopologyManager@2f8891c4  as provider for net.floodlightcontroller.routing.IRoutingService
11:09:04.469 [main] DEBUG n.f.c.module.FloodlightModuleLoader - Setting net.floodlightcontroller.flowcache.FlowReconcileManager@52c93509  as provider for net.floodlightcontroller.flowcache.IFlowReconcileService
11:09:04.469 [main] DEBUG n.f.c.module.FloodlightModuleLoader - Setting net.floodlightcontroller.devicemanager.internal.DefaultEntityClassifier@45c948cb  as provider for net.floodlightcontroller.devicemanager.IEntityClassifierService
11:09:04.469 [main] DEBUG n.f.c.module.FloodlightModuleLoader - Setting net.floodlightcontroller.linkdiscovery.internal.LinkDiscoveryManager@6f0abf2c  as provider for net.floodlightcontroller.linkdiscovery.ILinkDiscoveryService
11:09:04.469 [main] DEBUG n.f.c.module.FloodlightModuleLoader - Initializing net.floodlightcontroller.storage.memory.MemoryStorageSource
11:09:04.469 [main] DEBUG n.f.c.module.FloodlightModuleLoader - Initializing net.floodlightcontroller.core.FloodlightProvider
11:09:04.471 [main] DEBUG n.f.core.internal.Controller - OpenFlow port set to 20000
11:09:04.472 [main] DEBUG n.f.core.internal.Controller - Number of worker threads set to 0
11:09:04.472 [main] DEBUG n.f.core.internal.Controller - ControllerId set to localhost
11:09:04.472 [main] INFO  n.f.core.internal.Controller - Controller role set to null
11:09:04.476 [main] DEBUG n.f.c.module.FloodlightModuleLoader - Initializing net.floodlightcontroller.threadpool.ThreadPool
11:09:04.477 [main] DEBUG n.f.c.module.FloodlightModuleLoader - Initializing net.floodlightcontroller.devicemanager.internal.DeviceManagerImpl
11:09:04.477 [main] DEBUG n.f.c.module.FloodlightModuleLoader - Initializing net.floodlightcontroller.staticflowentry.StaticFlowEntryPusher
11:09:04.477 [main] DEBUG n.f.c.module.FloodlightModuleLoader - Initializing net.floodlightcontroller.firewall.Firewall
11:09:04.477 [main] DEBUG n.f.c.module.FloodlightModuleLoader - Initializing net.floodlightcontroller.forwarding.Forwarding
11:09:04.490 [main] DEBUG n.f.forwarding.Forwarding - FlowMod idle timeout set to 5 seconds
11:09:04.490 [main] DEBUG n.f.forwarding.Forwarding - FlowMod hard timeout set to 0 seconds
11:09:04.490 [main] DEBUG n.f.c.module.FloodlightModuleLoader - Initializing net.floodlightcontroller.jython.JythonDebugInterface
11:09:04.490 [main] DEBUG n.f.c.module.FloodlightModuleLoader - Initializing net.floodlightcontroller.counter.CounterStore
11:09:04.490 [main] DEBUG n.f.c.module.FloodlightModuleLoader - Initializing net.floodlightcontroller.perfmon.PktInProcessingTime
11:09:04.490 [main] DEBUG n.f.c.module.FloodlightModuleLoader - Initializing net.floodlightcontroller.ui.web.StaticWebRoutable
11:09:04.490 [main] DEBUG n.f.c.module.FloodlightModuleLoader - Initializing net.floodlightcontroller.restserver.RestApiServer
11:09:04.490 [main] DEBUG n.f.restserver.RestApiServer - REST port set to 20001
11:09:04.490 [main] DEBUG n.f.c.module.FloodlightModuleLoader - Initializing net.floodlightcontroller.topology.TopologyManager
11:09:04.492 [main] DEBUG n.f.c.module.FloodlightModuleLoader - Initializing net.floodlightcontroller.flowcache.FlowReconcileManager
11:09:04.492 [main] DEBUG n.f.flowcache.FlowReconcileManager - FlowReconcile is true
11:09:04.492 [main] DEBUG n.f.c.module.FloodlightModuleLoader - Initializing net.floodlightcontroller.devicemanager.internal.DefaultEntityClassifier
11:09:04.492 [main] DEBUG n.f.c.module.FloodlightModuleLoader - Initializing net.floodlightcontroller.linkdiscovery.internal.LinkDiscoveryManager
11:09:04.496 [main] DEBUG n.f.c.module.FloodlightModuleLoader - Starting net.floodlightcontroller.storage.memory.MemoryStorageSource
11:09:04.497 [main] DEBUG n.f.c.module.FloodlightModuleLoader - Starting net.floodlightcontroller.core.FloodlightProvider
11:09:04.504 [main] DEBUG n.f.c.module.FloodlightModuleLoader - Starting net.floodlightcontroller.threadpool.ThreadPool
11:09:04.504 [main] DEBUG n.f.c.module.FloodlightModuleLoader - Starting net.floodlightcontroller.devicemanager.internal.DeviceManagerImpl
11:09:04.507 [main] DEBUG n.f.c.module.FloodlightModuleLoader - Starting net.floodlightcontroller.staticflowentry.StaticFlowEntryPusher
11:09:04.508 [main] DEBUG n.f.c.module.FloodlightModuleLoader - Starting net.floodlightcontroller.firewall.Firewall
11:09:04.509 [main] DEBUG n.f.c.module.FloodlightModuleLoader - Starting net.floodlightcontroller.forwarding.Forwarding
11:09:04.509 [main] DEBUG n.f.c.module.FloodlightModuleLoader - Starting net.floodlightcontroller.jython.JythonDebugInterface
11:09:04.510 [main] DEBUG n.f.c.module.FloodlightModuleLoader - Starting net.floodlightcontroller.counter.CounterStore
11:09:04.510 [main] DEBUG n.f.c.module.FloodlightModuleLoader - Starting net.floodlightcontroller.perfmon.PktInProcessingTime
11:09:04.510 [main] DEBUG n.f.c.module.FloodlightModuleLoader - Starting net.floodlightcontroller.ui.web.StaticWebRoutable
11:09:04.510 [main] DEBUG n.f.c.module.FloodlightModuleLoader - Starting net.floodlightcontroller.restserver.RestApiServer
11:09:04.510 [main] DEBUG n.f.c.module.FloodlightModuleLoader - Starting net.floodlightcontroller.topology.TopologyManager
11:09:04.511 [main] DEBUG n.f.c.module.FloodlightModuleLoader - Starting net.floodlightcontroller.flowcache.FlowReconcileManager
11:09:04.511 [main] DEBUG n.f.c.module.FloodlightModuleLoader - Starting net.floodlightcontroller.devicemanager.internal.DefaultEntityClassifier
11:09:04.511 [main] DEBUG n.f.c.module.FloodlightModuleLoader - Starting net.floodlightcontroller.linkdiscovery.internal.LinkDiscoveryManager
11:09:04.517 [main] DEBUG n.f.restserver.RestApiServer - REST API routables: StorageWebRoutable (/wm/storage), CoreWebRoutable (/wm/core), DeviceRoutable (/wm/device), StaticFlowEntryWebRoutable (/wm/staticflowentrypusher), FirewallWebRoutable (/wm/firewall), PerfWebRoutable (/wm/performance), StaticWebRoutable (/ui/), TopologyWebRoutable (/wm/topology), LinkDiscoveryWebRoutable (/wm/linkdiscovery), 
11:09:04.630 [main] INFO  o.r.Component.InternalRouter.Server - Starting the Simple [HTTP/1.1] server on port 20001
11:09:04.671 [main] DEBUG n.f.core.internal.Controller - OFListeners for FLOW_REMOVED: staticflowentry,
11:09:04.671 [main] DEBUG n.f.core.internal.Controller - OFListeners for PORT_STATUS: linkdiscovery,
11:09:04.671 [main] DEBUG n.f.core.internal.Controller - OFListeners for PACKET_IN: linkdiscovery,topology,devicemanager,firewall,forwarding,
11:09:04.720 [main] INFO  n.f.core.internal.Controller - Listening for switch connections on 0.0.0.0/0.0.0.0:20000
11:09:07.465 [debugserver-main] INFO  n.f.jython.JythonServer - Starting DebugServer on port 6656
11:09:19.515 [pool-3-thread-13] DEBUG n.f.l.internal.LinkDiscoveryManager - Sending LLDP out on all ports.
11:09:34.518 [pool-3-thread-14] DEBUG n.f.l.internal.LinkDiscoveryManager - Sending LLDP out on all ports.
11:09:49.521 [pool-3-thread-11] DEBUG n.f.l.internal.LinkDiscoveryManager - Sending LLDP out on all ports.
11:10:02.260 [New I/O server worker #1-1] INFO  n.f.core.internal.Controller - New switch connection from /128.112.93.28:53357
11:10:02.261 [New I/O server worker #1-2] INFO  n.f.core.internal.Controller - New switch connection from /128.112.93.28:53358
11:10:02.294 [New I/O server worker #1-1] DEBUG n.f.core.internal.Controller - This controller's role is null, not sending role request msg to null
11:10:02.298 [New I/O server worker #1-2] DEBUG n.f.core.internal.Controller - This controller's role is null, not sending role request msg to null
11:10:02.298 [main] DEBUG n.f.s.StaticFlowEntryPusher - addedSwitch OFSwitchImpl [/128.112.93.28:53357 DPID[00:a4:23:05:00:00:00:02]]; processing its static entries
11:10:02.314 [main] DEBUG n.f.s.StaticFlowEntryPusher - addedSwitch OFSwitchImpl [/128.112.93.28:53358 DPID[00:a4:23:05:00:00:00:01]]; processing its static entries
11:10:04.525 [pool-3-thread-1] DEBUG n.f.l.internal.LinkDiscoveryManager - Sending LLDP out on all ports.
11:10:08.046 [New I/O server worker #1-1] DEBUG n.f.core.internal.Controller - removeSwitch: OFSwitchImpl [/128.112.93.28:53357 DPID[00:a4:23:05:00:00:00:02]]
11:10:08.047 [New I/O server worker #1-1] DEBUG n.f.core.internal.Controller - Update DB with inactiveSW OFSwitchImpl [/128.112.93.28:53357 DPID[00:a4:23:05:00:00:00:02]]
11:10:08.047 [New I/O server worker #1-1] INFO  n.f.core.internal.Controller - Disconnected switch OFSwitchImpl [/128.112.93.28:53357 DPID[00:a4:23:05:00:00:00:02]]
11:10:08.047 [main] DEBUG n.f.s.StaticFlowEntryPusher - removedSwitch OFSwitchImpl [/128.112.93.28:53357 DPID[00:a4:23:05:00:00:00:02]]
11:10:08.049 [New I/O server worker #1-2] DEBUG n.f.core.internal.Controller - removeSwitch: OFSwitchImpl [/128.112.93.28:53358 DPID[00:a4:23:05:00:00:00:01]]
11:10:08.049 [New I/O server worker #1-2] DEBUG n.f.core.internal.Controller - Update DB with inactiveSW OFSwitchImpl [/128.112.93.28:53358 DPID[00:a4:23:05:00:00:00:01]]
11:10:08.049 [New I/O server worker #1-2] INFO  n.f.core.internal.Controller - Disconnected switch OFSwitchImpl [/128.112.93.28:53358 DPID[00:a4:23:05:00:00:00:01]]
11:10:08.049 [main] DEBUG n.f.s.StaticFlowEntryPusher - removedSwitch OFSwitchImpl [/128.112.93.28:53358 DPID[00:a4:23:05:00:00:00:01]]
11:10:19.528 [pool-3-thread-4] DEBUG n.f.l.internal.LinkDiscoveryManager - Sending LLDP out on all ports.
11:10:34.531 [pool-3-thread-4] DEBUG n.f.l.internal.LinkDiscoveryManager - Sending LLDP out on all ports.
11:10:49.534 [pool-3-thread-4] DEBUG n.f.l.internal.LinkDiscoveryManager - Sending LLDP out on all ports.
11:11:04.538 [pool-3-thread-5] DEBUG n.f.l.internal.LinkDiscoveryManager - Sending LLDP out on all ports.
11:11:19.541 [pool-3-thread-7] DEBUG n.f.l.internal.LinkDiscoveryManager - Sending LLDP out on all ports.
11:11:34.544 [pool-3-thread-9] DEBUG n.f.l.internal.LinkDiscoveryManager - Sending LLDP out on all ports.
11:11:49.547 [pool-3-thread-9] DEBUG n.f.l.internal.LinkDiscoveryManager - Sending LLDP out on all ports.
11:12:04.550 [pool-3-thread-3] DEBUG n.f.l.internal.LinkDiscoveryManager - Sending LLDP out on all ports.
