11:09:04.395 [main] INFO  n.f.c.module.FloodlightModuleLoader - Loading modules from file /home/xinjin/xin-flowmaster/ctrl/ctrl1.floodlight
11:09:04.401 [main] DEBUG n.f.c.module.FloodlightModuleLoader - Starting module loader
11:09:04.405 [main] DEBUG n.f.c.module.FloodlightModuleLoader - Found module net.floodlightcontroller.core.FloodlightProvider
11:09:04.411 [main] DEBUG n.f.c.module.FloodlightModuleLoader - Found module net.floodlightcontroller.storage.memory.MemoryStorageSource
11:09:04.416 [main] DEBUG n.f.c.module.FloodlightModuleLoader - Found module net.floodlightcontroller.devicemanager.internal.DeviceManagerImpl
11:09:04.421 [main] DEBUG n.f.c.module.FloodlightModuleLoader - Found module net.floodlightcontroller.linkdiscovery.internal.LinkDiscoveryManager
11:09:04.424 [main] DEBUG n.f.c.module.FloodlightModuleLoader - Found module net.floodlightcontroller.topology.TopologyManager
11:09:04.435 [main] DEBUG n.f.c.module.FloodlightModuleLoader - Found module net.floodlightcontroller.forwarding.Forwarding
11:09:04.436 [main] DEBUG n.f.c.module.FloodlightModuleLoader - Found module net.floodlightcontroller.flowcache.FlowReconcileManager
11:09:04.440 [main] DEBUG n.f.c.module.FloodlightModuleLoader - Found module net.floodlightcontroller.core.OFMessageFilterManager
11:09:04.441 [main] DEBUG n.f.c.module.FloodlightModuleLoader - Found module net.floodlightcontroller.staticflowentry.StaticFlowEntryPusher
11:09:04.442 [main] DEBUG n.f.c.module.FloodlightModuleLoader - Found module net.floodlightcontroller.perfmon.PktInProcessingTime
11:09:04.443 [main] DEBUG n.f.c.module.FloodlightModuleLoader - Found module net.floodlightcontroller.perfmon.NullPktInProcessingTime
11:09:04.443 [main] DEBUG n.f.c.module.FloodlightModuleLoader - Found module net.floodlightcontroller.restserver.RestApiServer
11:09:04.444 [main] DEBUG n.f.c.module.FloodlightModuleLoader - Found module net.floodlightcontroller.learningswitch.LearningSwitch
11:09:04.445 [main] DEBUG n.f.c.module.FloodlightModuleLoader - Found module net.floodlightcontroller.hub.Hub
11:09:04.445 [main] DEBUG n.f.c.module.FloodlightModuleLoader - Found module net.floodlightcontroller.jython.JythonDebugInterface
11:09:04.446 [main] DEBUG n.f.c.module.FloodlightModuleLoader - Found module net.floodlightcontroller.counter.CounterStore
11:09:04.447 [main] DEBUG n.f.c.module.FloodlightModuleLoader - Found module net.floodlightcontroller.counter.NullCounterStore
11:09:04.447 [main] DEBUG n.f.c.module.FloodlightModuleLoader - Found module net.floodlightcontroller.threadpool.ThreadPool
11:09:04.450 [main] DEBUG n.f.c.module.FloodlightModuleLoader - Found module net.floodlightcontroller.ui.web.StaticWebRoutable
11:09:04.451 [main] DEBUG n.f.c.module.FloodlightModuleLoader - Found module net.floodlightcontroller.virtualnetwork.VirtualNetworkFilter
11:09:04.452 [main] DEBUG n.f.c.module.FloodlightModuleLoader - Found module net.floodlightcontroller.devicemanager.internal.DefaultEntityClassifier
11:09:04.453 [main] DEBUG n.f.c.module.FloodlightModuleLoader - Could not find module
11:09:04.453 [main] DEBUG n.f.c.module.FloodlightModuleLoader - Could not find module
11:09:04.453 [main] DEBUG n.f.c.module.FloodlightModuleLoader - Could not find module
11:09:04.457 [main] DEBUG n.f.c.module.FloodlightModuleLoader - Found module net.floodlightcontroller.firewall.Firewall
11:09:04.458 [main] DEBUG n.f.c.module.FloodlightModuleLoader - Setting net.floodlightcontroller.storage.memory.MemoryStorageSource@33b93f89  as provider for net.floodlightcontroller.storage.IStorageSourceService
11:09:04.462 [main] DEBUG n.f.c.module.FloodlightModuleLoader - Setting net.floodlightcontroller.core.internal.Controller@1603ae07  as provider for net.floodlightcontroller.core.IFloodlightProviderService
11:09:04.462 [main] DEBUG n.f.c.module.FloodlightModuleLoader - Setting net.floodlightcontroller.threadpool.ThreadPool@54031f94  as provider for net.floodlightcontroller.threadpool.IThreadPoolService
11:09:04.462 [main] DEBUG n.f.c.module.FloodlightModuleLoader - Setting net.floodlightcontroller.devicemanager.internal.DeviceManagerImpl@1b556b61  as provider for net.floodlightcontroller.devicemanager.IDeviceService
11:09:04.462 [main] DEBUG n.f.c.module.FloodlightModuleLoader - Setting net.floodlightcontroller.staticflowentry.StaticFlowEntryPusher@67099f71  as provider for net.floodlightcontroller.staticflowentry.IStaticFlowEntryPusherService
11:09:04.463 [main] DEBUG n.f.c.module.FloodlightModuleLoader - Setting net.floodlightcontroller.firewall.Firewall@2c2917dd  as provider for net.floodlightcontroller.firewall.IFirewallService
11:09:04.463 [main] DEBUG n.f.c.module.FloodlightModuleLoader - Setting net.floodlightcontroller.counter.CounterStore@6b3782c3  as provider for net.floodlightcontroller.counter.ICounterStoreService
11:09:04.463 [main] DEBUG n.f.c.module.FloodlightModuleLoader - Setting net.floodlightcontroller.perfmon.PktInProcessingTime@42334f8e  as provider for net.floodlightcontroller.perfmon.IPktInProcessingTimeService
11:09:04.463 [main] DEBUG n.f.c.module.FloodlightModuleLoader - Setting net.floodlightcontroller.restserver.RestApiServer@3bc79148  as provider for net.floodlightcontroller.restserver.IRestApiService
11:09:04.463 [main] DEBUG n.f.c.module.FloodlightModuleLoader - Setting net.floodlightcontroller.topology.TopologyManager@2f19f33d  as provider for net.floodlightcontroller.topology.ITopologyService
11:09:04.463 [main] DEBUG n.f.c.module.FloodlightModuleLoader - Setting net.floodlightcontroller.topology.TopologyManager@2f19f33d  as provider for net.floodlightcontroller.routing.IRoutingService
11:09:04.463 [main] DEBUG n.f.c.module.FloodlightModuleLoader - Setting net.floodlightcontroller.flowcache.FlowReconcileManager@17b90c55  as provider for net.floodlightcontroller.flowcache.IFlowReconcileService
11:09:04.463 [main] DEBUG n.f.c.module.FloodlightModuleLoader - Setting net.floodlightcontroller.devicemanager.internal.DefaultEntityClassifier@21ca2b38  as provider for net.floodlightcontroller.devicemanager.IEntityClassifierService
11:09:04.463 [main] DEBUG n.f.c.module.FloodlightModuleLoader - Setting net.floodlightcontroller.linkdiscovery.internal.LinkDiscoveryManager@2a8d1aa8  as provider for net.floodlightcontroller.linkdiscovery.ILinkDiscoveryService
11:09:04.463 [main] DEBUG n.f.c.module.FloodlightModuleLoader - Initializing net.floodlightcontroller.storage.memory.MemoryStorageSource
11:09:04.463 [main] DEBUG n.f.c.module.FloodlightModuleLoader - Initializing net.floodlightcontroller.core.FloodlightProvider
11:09:04.466 [main] DEBUG n.f.core.internal.Controller - OpenFlow port set to 10000
11:09:04.466 [main] DEBUG n.f.core.internal.Controller - Number of worker threads set to 0
11:09:04.466 [main] DEBUG n.f.core.internal.Controller - ControllerId set to localhost
11:09:04.466 [main] INFO  n.f.core.internal.Controller - Controller role set to null
11:09:04.470 [main] DEBUG n.f.c.module.FloodlightModuleLoader - Initializing net.floodlightcontroller.threadpool.ThreadPool
11:09:04.471 [main] DEBUG n.f.c.module.FloodlightModuleLoader - Initializing net.floodlightcontroller.devicemanager.internal.DeviceManagerImpl
11:09:04.471 [main] DEBUG n.f.c.module.FloodlightModuleLoader - Initializing net.floodlightcontroller.staticflowentry.StaticFlowEntryPusher
11:09:04.471 [main] DEBUG n.f.c.module.FloodlightModuleLoader - Initializing net.floodlightcontroller.firewall.Firewall
11:09:04.471 [main] DEBUG n.f.c.module.FloodlightModuleLoader - Initializing net.floodlightcontroller.forwarding.Forwarding
11:09:04.484 [main] DEBUG n.f.forwarding.Forwarding - FlowMod idle timeout set to 5 seconds
11:09:04.484 [main] DEBUG n.f.forwarding.Forwarding - FlowMod hard timeout set to 0 seconds
11:09:04.484 [main] DEBUG n.f.c.module.FloodlightModuleLoader - Initializing net.floodlightcontroller.jython.JythonDebugInterface
11:09:04.484 [main] DEBUG n.f.c.module.FloodlightModuleLoader - Initializing net.floodlightcontroller.counter.CounterStore
11:09:04.484 [main] DEBUG n.f.c.module.FloodlightModuleLoader - Initializing net.floodlightcontroller.perfmon.PktInProcessingTime
11:09:04.484 [main] DEBUG n.f.c.module.FloodlightModuleLoader - Initializing net.floodlightcontroller.ui.web.StaticWebRoutable
11:09:04.484 [main] DEBUG n.f.c.module.FloodlightModuleLoader - Initializing net.floodlightcontroller.restserver.RestApiServer
11:09:04.484 [main] DEBUG n.f.restserver.RestApiServer - REST port set to 10001
11:09:04.484 [main] DEBUG n.f.c.module.FloodlightModuleLoader - Initializing net.floodlightcontroller.topology.TopologyManager
11:09:04.486 [main] DEBUG n.f.c.module.FloodlightModuleLoader - Initializing net.floodlightcontroller.flowcache.FlowReconcileManager
11:09:04.486 [main] DEBUG n.f.flowcache.FlowReconcileManager - FlowReconcile is true
11:09:04.486 [main] DEBUG n.f.c.module.FloodlightModuleLoader - Initializing net.floodlightcontroller.devicemanager.internal.DefaultEntityClassifier
11:09:04.486 [main] DEBUG n.f.c.module.FloodlightModuleLoader - Initializing net.floodlightcontroller.linkdiscovery.internal.LinkDiscoveryManager
11:09:04.490 [main] DEBUG n.f.c.module.FloodlightModuleLoader - Starting net.floodlightcontroller.storage.memory.MemoryStorageSource
11:09:04.491 [main] DEBUG n.f.c.module.FloodlightModuleLoader - Starting net.floodlightcontroller.core.FloodlightProvider
11:09:04.498 [main] DEBUG n.f.c.module.FloodlightModuleLoader - Starting net.floodlightcontroller.threadpool.ThreadPool
11:09:04.498 [main] DEBUG n.f.c.module.FloodlightModuleLoader - Starting net.floodlightcontroller.devicemanager.internal.DeviceManagerImpl
11:09:04.501 [main] DEBUG n.f.c.module.FloodlightModuleLoader - Starting net.floodlightcontroller.staticflowentry.StaticFlowEntryPusher
11:09:04.502 [main] DEBUG n.f.c.module.FloodlightModuleLoader - Starting net.floodlightcontroller.firewall.Firewall
11:09:04.503 [main] DEBUG n.f.c.module.FloodlightModuleLoader - Starting net.floodlightcontroller.forwarding.Forwarding
11:09:04.503 [main] DEBUG n.f.c.module.FloodlightModuleLoader - Starting net.floodlightcontroller.jython.JythonDebugInterface
11:09:04.504 [main] DEBUG n.f.c.module.FloodlightModuleLoader - Starting net.floodlightcontroller.counter.CounterStore
11:09:04.504 [main] DEBUG n.f.c.module.FloodlightModuleLoader - Starting net.floodlightcontroller.perfmon.PktInProcessingTime
11:09:04.504 [main] DEBUG n.f.c.module.FloodlightModuleLoader - Starting net.floodlightcontroller.ui.web.StaticWebRoutable
11:09:04.504 [main] DEBUG n.f.c.module.FloodlightModuleLoader - Starting net.floodlightcontroller.restserver.RestApiServer
11:09:04.504 [main] DEBUG n.f.c.module.FloodlightModuleLoader - Starting net.floodlightcontroller.topology.TopologyManager
11:09:04.505 [main] DEBUG n.f.c.module.FloodlightModuleLoader - Starting net.floodlightcontroller.flowcache.FlowReconcileManager
11:09:04.505 [main] DEBUG n.f.c.module.FloodlightModuleLoader - Starting net.floodlightcontroller.devicemanager.internal.DefaultEntityClassifier
11:09:04.506 [main] DEBUG n.f.c.module.FloodlightModuleLoader - Starting net.floodlightcontroller.linkdiscovery.internal.LinkDiscoveryManager
11:09:04.512 [main] DEBUG n.f.restserver.RestApiServer - REST API routables: StorageWebRoutable (/wm/storage), CoreWebRoutable (/wm/core), DeviceRoutable (/wm/device), StaticFlowEntryWebRoutable (/wm/staticflowentrypusher), FirewallWebRoutable (/wm/firewall), PerfWebRoutable (/wm/performance), StaticWebRoutable (/ui/), TopologyWebRoutable (/wm/topology), LinkDiscoveryWebRoutable (/wm/linkdiscovery), 
11:09:04.625 [main] INFO  o.r.Component.InternalRouter.Server - Starting the Simple [HTTP/1.1] server on port 10001
11:09:04.663 [main] DEBUG n.f.core.internal.Controller - OFListeners for FLOW_REMOVED: staticflowentry,
11:09:04.663 [main] DEBUG n.f.core.internal.Controller - OFListeners for PORT_STATUS: linkdiscovery,
11:09:04.664 [main] DEBUG n.f.core.internal.Controller - OFListeners for PACKET_IN: linkdiscovery,topology,devicemanager,firewall,forwarding,
11:09:04.711 [main] INFO  n.f.core.internal.Controller - Listening for switch connections on 0.0.0.0/0.0.0.0:10000
11:09:07.382 [debugserver-main] INFO  n.f.jython.JythonServer - Starting DebugServer on port 6655
11:09:19.510 [pool-3-thread-11] DEBUG n.f.l.internal.LinkDiscoveryManager - Sending LLDP out on all ports.
11:09:34.513 [pool-3-thread-5] DEBUG n.f.l.internal.LinkDiscoveryManager - Sending LLDP out on all ports.
11:09:49.517 [pool-3-thread-10] DEBUG n.f.l.internal.LinkDiscoveryManager - Sending LLDP out on all ports.
11:10:01.554 [New I/O server worker #1-1] INFO  n.f.core.internal.Controller - New switch connection from /128.112.93.28:53324
11:10:01.554 [New I/O server worker #1-2] INFO  n.f.core.internal.Controller - New switch connection from /128.112.93.28:53325
11:10:01.587 [New I/O server worker #1-2] DEBUG n.f.core.internal.Controller - This controller's role is null, not sending role request msg to null
11:10:01.590 [New I/O server worker #1-1] DEBUG n.f.core.internal.Controller - This controller's role is null, not sending role request msg to null
11:10:01.590 [main] DEBUG n.f.s.StaticFlowEntryPusher - addedSwitch OFSwitchImpl [/128.112.93.28:53325 DPID[00:a4:23:05:00:00:00:01]]; processing its static entries
11:10:01.608 [main] DEBUG n.f.s.StaticFlowEntryPusher - addedSwitch OFSwitchImpl [/128.112.93.28:53324 DPID[00:a4:23:05:00:00:00:02]]; processing its static entries
11:10:04.521 [pool-3-thread-3] DEBUG n.f.l.internal.LinkDiscoveryManager - Sending LLDP out on all ports.
11:10:08.048 [New I/O server worker #1-1] DEBUG n.f.core.internal.Controller - removeSwitch: OFSwitchImpl [/128.112.93.28:53324 DPID[00:a4:23:05:00:00:00:02]]
11:10:08.048 [New I/O server worker #1-1] DEBUG n.f.core.internal.Controller - Update DB with inactiveSW OFSwitchImpl [/128.112.93.28:53324 DPID[00:a4:23:05:00:00:00:02]]
11:10:08.048 [New I/O server worker #1-2] DEBUG n.f.core.internal.Controller - removeSwitch: OFSwitchImpl [/128.112.93.28:53325 DPID[00:a4:23:05:00:00:00:01]]
11:10:08.048 [New I/O server worker #1-1] INFO  n.f.core.internal.Controller - Disconnected switch OFSwitchImpl [/128.112.93.28:53324 DPID[00:a4:23:05:00:00:00:02]]
11:10:08.048 [main] DEBUG n.f.s.StaticFlowEntryPusher - removedSwitch OFSwitchImpl [/128.112.93.28:53324 DPID[00:a4:23:05:00:00:00:02]]
11:10:08.048 [New I/O server worker #1-2] DEBUG n.f.core.internal.Controller - Update DB with inactiveSW OFSwitchImpl [/128.112.93.28:53325 DPID[00:a4:23:05:00:00:00:01]]
11:10:08.049 [New I/O server worker #1-2] INFO  n.f.core.internal.Controller - Disconnected switch OFSwitchImpl [/128.112.93.28:53325 DPID[00:a4:23:05:00:00:00:01]]
11:10:08.049 [main] DEBUG n.f.s.StaticFlowEntryPusher - removedSwitch OFSwitchImpl [/128.112.93.28:53325 DPID[00:a4:23:05:00:00:00:01]]
11:10:19.525 [pool-3-thread-11] DEBUG n.f.l.internal.LinkDiscoveryManager - Sending LLDP out on all ports.
11:10:34.528 [pool-3-thread-4] DEBUG n.f.l.internal.LinkDiscoveryManager - Sending LLDP out on all ports.
11:10:49.532 [pool-3-thread-15] DEBUG n.f.l.internal.LinkDiscoveryManager - Sending LLDP out on all ports.
11:11:04.536 [pool-3-thread-3] DEBUG n.f.l.internal.LinkDiscoveryManager - Sending LLDP out on all ports.
11:11:19.539 [pool-3-thread-2] DEBUG n.f.l.internal.LinkDiscoveryManager - Sending LLDP out on all ports.
11:11:34.543 [pool-3-thread-5] DEBUG n.f.l.internal.LinkDiscoveryManager - Sending LLDP out on all ports.
11:11:49.546 [pool-3-thread-4] DEBUG n.f.l.internal.LinkDiscoveryManager - Sending LLDP out on all ports.
11:12:04.550 [pool-3-thread-6] DEBUG n.f.l.internal.LinkDiscoveryManager - Sending LLDP out on all ports.
